<?xml version="1.0" encoding="UTF-8"?>
<testExecutions version="1">
  <file path="/home/runner/work/clip-watcher-ui/clip-watcher-ui/src/Services/Reducers/filterSlice.test.ts">
    <testCase name="filter slice tests should return the initial state" duration="3"/>
    <testCase name="filter slice tests should set period" duration="6"/>
    <testCase name="filter slice tests should set category" duration="0"/>
    <testCase name="filter slice tests should set cursor" duration="1"/>
    <testCase name="filter slice tests should clear state without channel" duration="1"/>
    <testCase name="filter slice tests should set channel state" duration="1"/>
    <testCase name="filter slice tests should set is selected channel" duration="1"/>
    <testCase name="filter slice tests should set selected channel" duration="1"/>
  </file>
  <file path="/home/runner/work/clip-watcher-ui/clip-watcher-ui/src/Services/Reducers/cursorSlice.test.ts">
    <testCase name="cursor slice tests should return the initial state" duration="7"/>
    <testCase name="cursor slice tests should handle setting new state" duration="1"/>
    <testCase name="cursor slice tests should clear cursor list" duration="1"/>
    <testCase name="cursor slice tests should add new cursor for context" duration="1"/>
    <testCase name="cursor slice tests should not add new cursor for context" duration="1"/>
    <testCase name="cursor slice tests should increment current page" duration="1"/>
    <testCase name="cursor slice tests should decrement current page" duration="1"/>
    <testCase name="cursor slice tests should decrement current page when reach 0" duration="0"/>
    <testCase name="cursor slice tests should set direction of cursor" duration="0"/>
  </file>
  <file path="/home/runner/work/clip-watcher-ui/clip-watcher-ui/src/Components/TrendingSection/TrendingBox.test.tsx">
    <testCase name="renders trending box component should not get element by Id" duration="50"/>
  </file>
  <file path="/home/runner/work/clip-watcher-ui/clip-watcher-ui/src/Components/ClipsSection/ClipsPagination.test.tsx">
    <testCase name="renders clips pagination component should render element and get by Id" duration="177"/>
    <testCase name="renders clips pagination component should not render element when clips loading is true" duration="4"/>
    <testCase name="renders clips pagination component should change page from 0 to 1" duration="92"/>
    <testCase name="renders clips pagination component should change page from 1 to 0" duration="88"/>
    <testCase name="renders clips pagination component should not change page from 0 to -1" duration="30"/>
  </file>
  <file path="/home/runner/work/clip-watcher-ui/clip-watcher-ui/src/Layouts/Header/Header.test.tsx">
    <testCase name="renders header component should get element by Id" duration="93"/>
    <testCase name="renders header component should get project logo" duration="19"/>
    <testCase name="renders header component should change cursor when hovering a logo" duration="23"/>
    <testCase name="renders header component should navigate to main page when clicking a logo" duration="29"/>
  </file>
  <file path="/home/runner/work/clip-watcher-ui/clip-watcher-ui/src/Components/ClipsSection/Clip.test.tsx">
    <testCase name="renders header component should get element by Id" duration="80"/>
    <testCase name="renders header component should render all clips elements" duration="19"/>
  </file>
  <file path="/home/runner/work/clip-watcher-ui/clip-watcher-ui/src/Components/ThemeButton/ThemeToggle.test.tsx">
    <testCase name="renders theme toggle should get element by Id" duration="50"/>
    <testCase name="renders theme toggle should change theme on click" duration="38"/>
  </file>
  <file path="/home/runner/work/clip-watcher-ui/clip-watcher-ui/src/Components/ClipsSection/ClipsContainer.test.tsx">
    <testCase name="renders clips container component should get element by Id" duration="40"/>
  </file>
  <file path="/home/runner/work/clip-watcher-ui/clip-watcher-ui/src/Components/Common/Copyright.test.tsx">
    <testCase name="renders copyright component should get element by Id" duration="27"/>
    <testCase name="renders copyright component should get element by project title" duration="7"/>
  </file>
  <file path="/home/runner/work/clip-watcher-ui/clip-watcher-ui/src/Services/Reducers/pageSlice.test.ts">
    <testCase name="page slice tests should return the initial state" duration="2"/>
    <testCase name="page slice tests should set page" duration="1"/>
    <testCase name="page slice tests should clear page" duration="0"/>
  </file>
  <file path="/home/runner/work/clip-watcher-ui/clip-watcher-ui/src/Layouts/Footer/Footer.test.tsx">
    <testCase name="renders footer component should get element by Id" duration="32"/>
    <testCase name="renders footer component should contains copyright component" duration="6"/>
  </file>
  <file path="/home/runner/work/clip-watcher-ui/clip-watcher-ui/src/Components/SideBar/Channel/ChannelFilter.test.tsx">
    <testCase name="renders channel filter component should get element by Id" duration="155"/>
  </file>
  <file path="/home/runner/work/clip-watcher-ui/clip-watcher-ui/src/Components/Channel/ChannelInformationPage.test.tsx">
    <testCase name="renders header component should get element by Id" duration="89"/>
  </file>
  <file path="/home/runner/work/clip-watcher-ui/clip-watcher-ui/src/Components/SideBar/Category/SideBarCategoryList.test.tsx">
    <testCase name="renders side bar category list component should get element by Id" duration="138"/>
  </file>
  <file path="/home/runner/work/clip-watcher-ui/clip-watcher-ui/src/Components/SideBar/Period/PeriodRadioFilter.test.tsx">
    <testCase name="renders side bar radio filter component should get element by Id" duration="94"/>
  </file>
  <file path="/home/runner/work/clip-watcher-ui/clip-watcher-ui/src/Components/SideBar/Channel/SideBarChannelList.test.tsx">
    <testCase name="renders side bar category list component should get element by Id" duration="176"/>
  </file>
  <file path="/home/runner/work/clip-watcher-ui/clip-watcher-ui/src/Components/MainPage/ContentSection.test.tsx">
    <testCase name="renders content section component should get element by Id" duration="313"/>
  </file>
  <file path="/home/runner/work/clip-watcher-ui/clip-watcher-ui/src/Components/SideBar/Channel/ChannelList.test.tsx">
    <testCase name="renders channel list component should get element by Id" duration="25"/>
  </file>
  <file path="/home/runner/work/clip-watcher-ui/clip-watcher-ui/src/Components/SideBar/SideBar.test.tsx">
    <testCase name="renders side bar component should get element by Id" duration="273"/>
  </file>
  <file path="/home/runner/work/clip-watcher-ui/clip-watcher-ui/src/Components/BouncingDotsLoader/BouncingDotsLoader.test.tsx">
    <testCase name="renders bouncing dots loader component should get element by Id" duration="18"/>
  </file>
  <file path="/home/runner/work/clip-watcher-ui/clip-watcher-ui/src/App.test.js">
    <testCase name="should render app" duration="22"/>
  </file>
</testExecutions>